WARNING - 2025-12-17 14:33:16 --> [DEPRECATED] Creation of dynamic property App\Controllers\Pegawai::$model is deprecated in APPPATH\Controllers\Pegawai.php on line 9.
 1 SYSTEMPATH\CodeIgniter.php(903): App\Controllers\Pegawai->__construct()
 2 SYSTEMPATH\CodeIgniter.php(498): CodeIgniter\CodeIgniter->createController()
 3 SYSTEMPATH\CodeIgniter.php(354): CodeIgniter\CodeIgniter->handleRequest(null, Object(Config\Cache), false)
 4 SYSTEMPATH\Boot.php(363): CodeIgniter\CodeIgniter->run()
 5 SYSTEMPATH\Boot.php(68): CodeIgniter\Boot::runCodeIgniter(Object(CodeIgniter\CodeIgniter))
 6 FCPATH\index.php(59): CodeIgniter\Boot::bootWeb(Object(Config\Paths))
 7 SYSTEMPATH\rewrite.php(44): require_once('D:\\laragon\\www\\ci4crud\\public\\index.php')
WARNING - 2025-12-17 14:48:54 --> [DEPRECATED] Creation of dynamic property App\Controllers\Pegawai::$model is deprecated in APPPATH\Controllers\Pegawai.php on line 9.
 1 SYSTEMPATH\CodeIgniter.php(903): App\Controllers\Pegawai->__construct()
 2 SYSTEMPATH\CodeIgniter.php(498): CodeIgniter\CodeIgniter->createController()
 3 SYSTEMPATH\CodeIgniter.php(354): CodeIgniter\CodeIgniter->handleRequest(null, Object(Config\Cache), false)
 4 SYSTEMPATH\Boot.php(363): CodeIgniter\CodeIgniter->run()
 5 SYSTEMPATH\Boot.php(68): CodeIgniter\Boot::runCodeIgniter(Object(CodeIgniter\CodeIgniter))
 6 FCPATH\index.php(59): CodeIgniter\Boot::bootWeb(Object(Config\Paths))
 7 SYSTEMPATH\rewrite.php(44): require_once('D:\\laragon\\www\\ci4crud\\public\\index.php')
WARNING - 2025-12-17 14:58:29 --> [DEPRECATED] Creation of dynamic property App\Controllers\Pegawai::$model is deprecated in APPPATH\Controllers\Pegawai.php on line 9.
 1 SYSTEMPATH\CodeIgniter.php(903): App\Controllers\Pegawai->__construct()
 2 SYSTEMPATH\CodeIgniter.php(498): CodeIgniter\CodeIgniter->createController()
 3 SYSTEMPATH\CodeIgniter.php(354): CodeIgniter\CodeIgniter->handleRequest(null, Object(Config\Cache), false)
 4 SYSTEMPATH\Boot.php(363): CodeIgniter\CodeIgniter->run()
 5 SYSTEMPATH\Boot.php(68): CodeIgniter\Boot::runCodeIgniter(Object(CodeIgniter\CodeIgniter))
 6 FCPATH\index.php(59): CodeIgniter\Boot::bootWeb(Object(Config\Paths))
 7 SYSTEMPATH\rewrite.php(44): require_once('D:\\laragon\\www\\ci4crud\\public\\index.php')
WARNING - 2025-12-17 14:59:54 --> [DEPRECATED] Creation of dynamic property App\Controllers\Pegawai::$model is deprecated in APPPATH\Controllers\Pegawai.php on line 9.
 1 SYSTEMPATH\CodeIgniter.php(903): App\Controllers\Pegawai->__construct()
 2 SYSTEMPATH\CodeIgniter.php(498): CodeIgniter\CodeIgniter->createController()
 3 SYSTEMPATH\CodeIgniter.php(354): CodeIgniter\CodeIgniter->handleRequest(null, Object(Config\Cache), false)
 4 SYSTEMPATH\Boot.php(363): CodeIgniter\CodeIgniter->run()
 5 SYSTEMPATH\Boot.php(68): CodeIgniter\Boot::runCodeIgniter(Object(CodeIgniter\CodeIgniter))
 6 FCPATH\index.php(59): CodeIgniter\Boot::bootWeb(Object(Config\Paths))
 7 SYSTEMPATH\rewrite.php(44): require_once('D:\\laragon\\www\\ci4crud\\public\\index.php')
WARNING - 2025-12-17 15:01:47 --> [DEPRECATED] Creation of dynamic property App\Controllers\Pegawai::$model is deprecated in APPPATH\Controllers\Pegawai.php on line 9.
 1 SYSTEMPATH\CodeIgniter.php(903): App\Controllers\Pegawai->__construct()
 2 SYSTEMPATH\CodeIgniter.php(498): CodeIgniter\CodeIgniter->createController()
 3 SYSTEMPATH\CodeIgniter.php(354): CodeIgniter\CodeIgniter->handleRequest(null, Object(Config\Cache), false)
 4 SYSTEMPATH\Boot.php(363): CodeIgniter\CodeIgniter->run()
 5 SYSTEMPATH\Boot.php(68): CodeIgniter\Boot::runCodeIgniter(Object(CodeIgniter\CodeIgniter))
 6 FCPATH\index.php(59): CodeIgniter\Boot::bootWeb(Object(Config\Paths))
 7 SYSTEMPATH\rewrite.php(44): require_once('D:\\laragon\\www\\ci4crud\\public\\index.php')
WARNING - 2025-12-17 15:01:52 --> [DEPRECATED] Creation of dynamic property App\Controllers\Pegawai::$model is deprecated in APPPATH\Controllers\Pegawai.php on line 9.
 1 SYSTEMPATH\CodeIgniter.php(903): App\Controllers\Pegawai->__construct()
 2 SYSTEMPATH\CodeIgniter.php(498): CodeIgniter\CodeIgniter->createController()
 3 SYSTEMPATH\CodeIgniter.php(354): CodeIgniter\CodeIgniter->handleRequest(null, Object(Config\Cache), false)
 4 SYSTEMPATH\Boot.php(363): CodeIgniter\CodeIgniter->run()
 5 SYSTEMPATH\Boot.php(68): CodeIgniter\Boot::runCodeIgniter(Object(CodeIgniter\CodeIgniter))
 6 FCPATH\index.php(59): CodeIgniter\Boot::bootWeb(Object(Config\Paths))
 7 SYSTEMPATH\rewrite.php(44): require_once('D:\\laragon\\www\\ci4crud\\public\\index.php')
WARNING - 2025-12-17 15:09:01 --> [DEPRECATED] Creation of dynamic property App\Controllers\Pegawai::$model is deprecated in APPPATH\Controllers\Pegawai.php on line 9.
 1 SYSTEMPATH\CodeIgniter.php(903): App\Controllers\Pegawai->__construct()
 2 SYSTEMPATH\CodeIgniter.php(498): CodeIgniter\CodeIgniter->createController()
 3 SYSTEMPATH\CodeIgniter.php(354): CodeIgniter\CodeIgniter->handleRequest(null, Object(Config\Cache), false)
 4 SYSTEMPATH\Boot.php(363): CodeIgniter\CodeIgniter->run()
 5 SYSTEMPATH\Boot.php(68): CodeIgniter\Boot::runCodeIgniter(Object(CodeIgniter\CodeIgniter))
 6 FCPATH\index.php(59): CodeIgniter\Boot::bootWeb(Object(Config\Paths))
 7 SYSTEMPATH\rewrite.php(44): require_once('D:\\laragon\\www\\ci4crud\\public\\index.php')
WARNING - 2025-12-17 15:09:36 --> [DEPRECATED] Creation of dynamic property App\Controllers\Pegawai::$model is deprecated in APPPATH\Controllers\Pegawai.php on line 9.
 1 SYSTEMPATH\CodeIgniter.php(903): App\Controllers\Pegawai->__construct()
 2 SYSTEMPATH\CodeIgniter.php(498): CodeIgniter\CodeIgniter->createController()
 3 SYSTEMPATH\CodeIgniter.php(354): CodeIgniter\CodeIgniter->handleRequest(null, Object(Config\Cache), false)
 4 SYSTEMPATH\Boot.php(363): CodeIgniter\CodeIgniter->run()
 5 SYSTEMPATH\Boot.php(68): CodeIgniter\Boot::runCodeIgniter(Object(CodeIgniter\CodeIgniter))
 6 FCPATH\index.php(59): CodeIgniter\Boot::bootWeb(Object(Config\Paths))
 7 SYSTEMPATH\rewrite.php(44): require_once('D:\\laragon\\www\\ci4crud\\public\\index.php')
WARNING - 2025-12-17 15:10:08 --> [DEPRECATED] Creation of dynamic property App\Controllers\Pegawai::$model is deprecated in APPPATH\Controllers\Pegawai.php on line 9.
 1 SYSTEMPATH\CodeIgniter.php(903): App\Controllers\Pegawai->__construct()
 2 SYSTEMPATH\CodeIgniter.php(498): CodeIgniter\CodeIgniter->createController()
 3 SYSTEMPATH\CodeIgniter.php(354): CodeIgniter\CodeIgniter->handleRequest(null, Object(Config\Cache), false)
 4 SYSTEMPATH\Boot.php(363): CodeIgniter\CodeIgniter->run()
 5 SYSTEMPATH\Boot.php(68): CodeIgniter\Boot::runCodeIgniter(Object(CodeIgniter\CodeIgniter))
 6 FCPATH\index.php(59): CodeIgniter\Boot::bootWeb(Object(Config\Paths))
 7 SYSTEMPATH\rewrite.php(44): require_once('D:\\laragon\\www\\ci4crud\\public\\index.php')
WARNING - 2025-12-17 15:59:12 --> [DEPRECATED] Creation of dynamic property App\Controllers\Pegawai::$model is deprecated in APPPATH\Controllers\Pegawai.php on line 9.
 1 SYSTEMPATH\CodeIgniter.php(903): App\Controllers\Pegawai->__construct()
 2 SYSTEMPATH\CodeIgniter.php(498): CodeIgniter\CodeIgniter->createController()
 3 SYSTEMPATH\CodeIgniter.php(354): CodeIgniter\CodeIgniter->handleRequest(null, Object(Config\Cache), false)
 4 SYSTEMPATH\Boot.php(363): CodeIgniter\CodeIgniter->run()
 5 SYSTEMPATH\Boot.php(68): CodeIgniter\Boot::runCodeIgniter(Object(CodeIgniter\CodeIgniter))
 6 FCPATH\index.php(59): CodeIgniter\Boot::bootWeb(Object(Config\Paths))
 7 SYSTEMPATH\rewrite.php(44): require_once('D:\\laragon\\www\\ci4crud\\public\\index.php')
WARNING - 2025-12-17 16:14:14 --> [DEPRECATED] Creation of dynamic property App\Controllers\Pegawai::$model is deprecated in APPPATH\Controllers\Pegawai.php on line 9.
 1 SYSTEMPATH\CodeIgniter.php(903): App\Controllers\Pegawai->__construct()
 2 SYSTEMPATH\CodeIgniter.php(498): CodeIgniter\CodeIgniter->createController()
 3 SYSTEMPATH\CodeIgniter.php(354): CodeIgniter\CodeIgniter->handleRequest(null, Object(Config\Cache), false)
 4 SYSTEMPATH\Boot.php(363): CodeIgniter\CodeIgniter->run()
 5 SYSTEMPATH\Boot.php(68): CodeIgniter\Boot::runCodeIgniter(Object(CodeIgniter\CodeIgniter))
 6 FCPATH\index.php(59): CodeIgniter\Boot::bootWeb(Object(Config\Paths))
 7 SYSTEMPATH\rewrite.php(44): require_once('D:\\laragon\\www\\ci4crud\\public\\index.php')
WARNING - 2025-12-17 16:24:57 --> [DEPRECATED] Creation of dynamic property App\Controllers\Pegawai::$model is deprecated in APPPATH\Controllers\Pegawai.php on line 9.
 1 SYSTEMPATH\CodeIgniter.php(903): App\Controllers\Pegawai->__construct()
 2 SYSTEMPATH\CodeIgniter.php(498): CodeIgniter\CodeIgniter->createController()
 3 SYSTEMPATH\CodeIgniter.php(354): CodeIgniter\CodeIgniter->handleRequest(null, Object(Config\Cache), false)
 4 SYSTEMPATH\Boot.php(363): CodeIgniter\CodeIgniter->run()
 5 SYSTEMPATH\Boot.php(68): CodeIgniter\Boot::runCodeIgniter(Object(CodeIgniter\CodeIgniter))
 6 FCPATH\index.php(59): CodeIgniter\Boot::bootWeb(Object(Config\Paths))
 7 SYSTEMPATH\rewrite.php(44): require_once('D:\\laragon\\www\\ci4crud\\public\\index.php')
WARNING - 2025-12-17 22:36:36 --> [DEPRECATED] Creation of dynamic property App\Controllers\Pegawai::$model is deprecated in APPPATH\Controllers\Pegawai.php on line 9.
 1 SYSTEMPATH\CodeIgniter.php(903): App\Controllers\Pegawai->__construct()
 2 SYSTEMPATH\CodeIgniter.php(498): CodeIgniter\CodeIgniter->createController()
 3 SYSTEMPATH\CodeIgniter.php(354): CodeIgniter\CodeIgniter->handleRequest(null, Object(Config\Cache), false)
 4 SYSTEMPATH\Boot.php(363): CodeIgniter\CodeIgniter->run()
 5 SYSTEMPATH\Boot.php(68): CodeIgniter\Boot::runCodeIgniter(Object(CodeIgniter\CodeIgniter))
 6 FCPATH\index.php(59): CodeIgniter\Boot::bootWeb(Object(Config\Paths))
 7 SYSTEMPATH\rewrite.php(44): require_once('D:\\laragon\\www\\ci4crud\\public\\index.php')
WARNING - 2025-12-17 22:52:08 --> [DEPRECATED] Creation of dynamic property App\Controllers\Pegawai::$model is deprecated in APPPATH\Controllers\Pegawai.php on line 9.
 1 SYSTEMPATH\CodeIgniter.php(903): App\Controllers\Pegawai->__construct()
 2 SYSTEMPATH\CodeIgniter.php(498): CodeIgniter\CodeIgniter->createController()
 3 SYSTEMPATH\CodeIgniter.php(354): CodeIgniter\CodeIgniter->handleRequest(null, Object(Config\Cache), false)
 4 SYSTEMPATH\Boot.php(363): CodeIgniter\CodeIgniter->run()
 5 SYSTEMPATH\Boot.php(68): CodeIgniter\Boot::runCodeIgniter(Object(CodeIgniter\CodeIgniter))
 6 FCPATH\index.php(59): CodeIgniter\Boot::bootWeb(Object(Config\Paths))
 7 SYSTEMPATH\rewrite.php(44): require_once('D:\\laragon\\www\\ci4crud\\public\\index.php')
WARNING - 2025-12-17 23:19:34 --> [DEPRECATED] Creation of dynamic property App\Controllers\Pegawai::$model is deprecated in APPPATH\Controllers\Pegawai.php on line 9.
 1 SYSTEMPATH\CodeIgniter.php(903): App\Controllers\Pegawai->__construct()
 2 SYSTEMPATH\CodeIgniter.php(498): CodeIgniter\CodeIgniter->createController()
 3 SYSTEMPATH\CodeIgniter.php(354): CodeIgniter\CodeIgniter->handleRequest(null, Object(Config\Cache), false)
 4 SYSTEMPATH\Boot.php(363): CodeIgniter\CodeIgniter->run()
 5 SYSTEMPATH\Boot.php(68): CodeIgniter\Boot::runCodeIgniter(Object(CodeIgniter\CodeIgniter))
 6 FCPATH\index.php(59): CodeIgniter\Boot::bootWeb(Object(Config\Paths))
 7 SYSTEMPATH\rewrite.php(44): require_once('D:\\laragon\\www\\ci4crud\\public\\index.php')
